build/outputs/logs/manifest-merger-debug-report.txt
-- Merging decision tree log ---
manifest
ADDED from src\main\AndroidManifest.xml:2:1-21:12
INJECTED from src\main\AndroidManifest.xml:2:1-21:12
INJECTED from src\main\AndroidManifest.xml:2:1-21:12
INJECTED from src\main\AndroidManifest.xml:2:1-21:12
INJECTED from src\main\AndroidManifest.xml:2:1-21:12
INJECTED from src\main\AndroidManifest.xml:2:1-21:12
INJECTED from src\main\AndroidManifest.xml:2:1-21:12
	package
		ADDED from src\main\AndroidManifest.xml:3:2-21
		INJECTED from src\main\AndroidManifest.xml
		INJECTED from src\main\AndroidManifest.xml
	android:versionName
		ADDED from src\main\AndroidManifest.xml:3:46-71
		INJECTED from src\main\AndroidManifest.xml
		INJECTED from src\main\AndroidManifest.xml
	xmlns:android
		ADDED from src\main\AndroidManifest.xml:2:11-69
	android:versionCode
		ADDED from src\main\AndroidManifest.xml:3:22-45
		INJECTED from src\main\AndroidManifest.xml
		INJECTED from src\main\AndroidManifest.xml
uses-sdk
ADDED from src\main\AndroidManifest.xml:4:2-40
INJECTED from src\main\AndroidManifest.xml:4:2-40
INJECTED from src\main\AndroidManifest.xml:4:2-40
INJECTED from src\main\AndroidManifest.xml:4:2-40
INJECTED from src\main\AndroidManifest.xml:4:2-40
	android:targetSdkVersion
		INJECTED from src\main\AndroidManifest.xml
		ADDED from src\main\AndroidManifest.xml:4:2-40
		INJECTED from src\main\AndroidManifest.xml
	android:minSdkVersion
		ADDED from src\main\AndroidManifest.xml:4:12-37
		INJECTED from src\main\AndroidManifest.xml
		INJECTED from src\main\AndroidManifest.xml
application
ADDED from src\main\AndroidManifest.xml:6:2-15:16
	android:label
		ADDED from src\main\AndroidManifest.xml:6:45-77
	android:icon
		ADDED from src\main\AndroidManifest.xml:6:15-44
activity#com.dddog.main.MainActivity
ADDED from src\main\AndroidManifest.xml:7:3-13:14
	android:label
		ADDED from src\main\AndroidManifest.xml:8:4-36
	android:name
		ADDED from src\main\AndroidManifest.xml:7:13-55
intent-filter#android.intent.action.MAIN+android.intent.category.LAUNCHER
ADDED from src\main\AndroidManifest.xml:9:4-12:20
action#android.intent.action.MAIN
ADDED from src\main\AndroidManifest.xml:10:5-57
	android:name
		ADDED from src\main\AndroidManifest.xml:10:13-54
category#android.intent.category.LAUNCHER
ADDED from src\main\AndroidManifest.xml:11:5-65
	android:name
		ADDED from src\main\AndroidManifest.xml:11:15-62
uses-permission#android.permission.INTERNET
ADDED from src\main\AndroidManifest.xml:17:2-64
	android:name
		ADDED from src\main\AndroidManifest.xml:17:19-61
uses-permission#android.permission.RECORD_AUDIO
ADDED from src\main\AndroidManifest.xml:18:2-68
	android:name
		ADDED from src\main\AndroidManifest.xml:18:19-65
uses-permission#android.permission.RECORD_VIDEO
ADDED from src\main\AndroidManifest.xml:19:2-68
	android:name
		ADDED from src\main\AndroidManifest.xml:19:19-65
uses-permission#android.permission.WRITE_EXTERNAL_STORAGE
ADDED from src\main\AndroidManifest.xml:20:2-78
	android:name
		ADDED from src\main\AndroidManifest.xml:20:19-75